2023-08-23T06:46:12+00:00 CRITICAL Uncaught Error: Call to undefined function pll_current_language() in D:\wamp64\www\MTC_WooCommenrce\wp-content\themes\mtc\woocommerce\ti-wishlist-empty.php:21
Stack trace:
#0 D:\wamp64\www\MTC_WooCommenrce\wp-content\plugins\woocommerce\includes\wc-core-functions.php(345): include()
#1 D:\wamp64\www\MTC_WooCommenrce\wp-content\plugins\ti-woocommerce-wishlist\tinv-wishlists-function.php(218): wc_get_template('ti-wishlist-emp...', Array, '')
#2 D:\wamp64\www\MTC_WooCommenrce\wp-content\plugins\ti-woocommerce-wishlist\public\wishlist\view.class.php(548): tinv_wishlist_template('ti-wishlist-emp...', Array)
#3 D:\wamp64\www\MTC_WooCommenrce\wp-content\plugins\ti-woocommerce-wishlist\public\wishlist\view.class.php(481): TInvWL_Public_Wishlist_View->wishlist_empty(Array, Array)
#4 D:\wamp64\www\MTC_WooCommenrce\wp-content\plugins\ti-woocommerce-wishlist\public\wishlist\view.class.php(634): TInvWL_Public_Wishlist_View->htmloutput(Array)
#5 D:\wamp64\www\MTC_WooCommenrce\wp-content\plugins\ti-woocommerce-wishlist\tinv-wishlists-function.php(610): TInvWL_Public_Wishlist_View->shortcode(Array)
#6 D:\wamp64\www\MTC_WooCommenrce\wp-content\plugins\ti-woocommerce-wishlist\public\wishlist\ajax.class.php(482): tinvwl_shortcode_view(Array)
#7 D:\wamp64\www\MTC_WooCommenrce\wp-content\plugins\ti-woocommerce-wishlist\public\wishlist\ajax.class.php(85): TInvWL_Public_Wishlist_Ajax->wishlist_ajax_actions(Array, Array, Array)
#8 D:\wamp64\www\MTC_WooCommenrce\wp-includes\class-wp-hook.php(310): TInvWL_Public_Wishlist_Ajax->ajax_action('')
#9 D:\wamp64\www\MTC_WooCommenrce\wp-includes\class-wp-hook.php(334): WP_Hook->apply_filters('', Array)
#10 D:\wamp64\www\MTC_WooCommenrce\wp-includes\plugin.php(517): WP_Hook->do_action(Array)
#11 D:\wamp64\www\MTC_WooCommenrce\wp-content\plugins\woocommerce\includes\class-wc-ajax.php(96): do_action('wc_ajax_tinvwl')
#12 D:\wamp64\www\MTC_WooCommenrce\wp-includes\class-wp-hook.php(310): WC_AJAX::do_wc_ajax('')
#13 D:\wamp64\www\MTC_WooCommenrce\wp-includes\class-wp-hook.php(334): WP_Hook->apply_filters(false, Array)
#14 D:\wamp64\www\MTC_WooCommenrce\wp-includes\plugin.php(517): WP_Hook->do_action(Array)
#15 D:\wamp64\www\MTC_WooCommenrce\wp-includes\template-loader.php(13): do_action('template_redire...')
#16 D:\wamp64\www\MTC_WooCommenrce\wp-blog-header.php(19): require_once('D:\\wamp64\\www\\M...')
#17 D:\wamp64\www\MTC_WooCommenrce\index.php(17): require('D:\\wamp64\\www\\M...')
#18 {main}
  thrown in D:\wamp64\www\MTC_WooCommenrce\wp-content\themes\mtc\woocommerce\ti-wishlist-empty.php on line 21

2023-08-23T06:51:29+00:00 CRITICAL Uncaught Error: Call to undefined function pll_current_language() in D:\wamp64\www\MTC_WooCommenrce\wp-content\themes\mtc\woocommerce\ti-wishlist-empty.php:21
Stack trace:
#0 D:\wamp64\www\MTC_WooCommenrce\wp-content\plugins\woocommerce\includes\wc-core-functions.php(345): include()
#1 D:\wamp64\www\MTC_WooCommenrce\wp-content\plugins\ti-woocommerce-wishlist\tinv-wishlists-function.php(218): wc_get_template('ti-wishlist-emp...', Array, '')
#2 D:\wamp64\www\MTC_WooCommenrce\wp-content\plugins\ti-woocommerce-wishlist\public\wishlist\view.class.php(548): tinv_wishlist_template('ti-wishlist-emp...', Array)
#3 D:\wamp64\www\MTC_WooCommenrce\wp-content\plugins\ti-woocommerce-wishlist\public\wishlist\view.class.php(481): TInvWL_Public_Wishlist_View->wishlist_empty(Array, Array)
#4 D:\wamp64\www\MTC_WooCommenrce\wp-content\plugins\ti-woocommerce-wishlist\public\wishlist\view.class.php(634): TInvWL_Public_Wishlist_View->htmloutput(Array)
#5 D:\wamp64\www\MTC_WooCommenrce\wp-content\plugins\ti-woocommerce-wishlist\tinv-wishlists-function.php(610): TInvWL_Public_Wishlist_View->shortcode(Array)
#6 D:\wamp64\www\MTC_WooCommenrce\wp-content\plugins\ti-woocommerce-wishlist\public\wishlist\ajax.class.php(482): tinvwl_shortcode_view(Array)
#7 D:\wamp64\www\MTC_WooCommenrce\wp-content\plugins\ti-woocommerce-wishlist\public\wishlist\ajax.class.php(85): TInvWL_Public_Wishlist_Ajax->wishlist_ajax_actions(Array, Array, Array)
#8 D:\wamp64\www\MTC_WooCommenrce\wp-includes\class-wp-hook.php(310): TInvWL_Public_Wishlist_Ajax->ajax_action('')
#9 D:\wamp64\www\MTC_WooCommenrce\wp-includes\class-wp-hook.php(334): WP_Hook->apply_filters('', Array)
#10 D:\wamp64\www\MTC_WooCommenrce\wp-includes\plugin.php(517): WP_Hook->do_action(Array)
#11 D:\wamp64\www\MTC_WooCommenrce\wp-content\plugins\woocommerce\includes\class-wc-ajax.php(96): do_action('wc_ajax_tinvwl')
#12 D:\wamp64\www\MTC_WooCommenrce\wp-includes\class-wp-hook.php(310): WC_AJAX::do_wc_ajax('')
#13 D:\wamp64\www\MTC_WooCommenrce\wp-includes\class-wp-hook.php(334): WP_Hook->apply_filters(false, Array)
#14 D:\wamp64\www\MTC_WooCommenrce\wp-includes\plugin.php(517): WP_Hook->do_action(Array)
#15 D:\wamp64\www\MTC_WooCommenrce\wp-includes\template-loader.php(13): do_action('template_redire...')
#16 D:\wamp64\www\MTC_WooCommenrce\wp-blog-header.php(19): require_once('D:\\wamp64\\www\\M...')
#17 D:\wamp64\www\MTC_WooCommenrce\index.php(17): require('D:\\wamp64\\www\\M...')
#18 {main}
  thrown in D:\wamp64\www\MTC_WooCommenrce\wp-content\themes\mtc\woocommerce\ti-wishlist-empty.php on line 21

2023-08-23T06:52:38+00:00 CRITICAL Uncaught Error: Call to undefined function pll_current_language() in D:\wamp64\www\MTC_WooCommenrce\wp-content\themes\mtc\woocommerce\ti-wishlist-empty.php:21
Stack trace:
#0 D:\wamp64\www\MTC_WooCommenrce\wp-content\plugins\woocommerce\includes\wc-core-functions.php(345): include()
#1 D:\wamp64\www\MTC_WooCommenrce\wp-content\plugins\ti-woocommerce-wishlist\tinv-wishlists-function.php(218): wc_get_template('ti-wishlist-emp...', Array, '')
#2 D:\wamp64\www\MTC_WooCommenrce\wp-content\plugins\ti-woocommerce-wishlist\public\wishlist\view.class.php(548): tinv_wishlist_template('ti-wishlist-emp...', Array)
#3 D:\wamp64\www\MTC_WooCommenrce\wp-content\plugins\ti-woocommerce-wishlist\public\wishlist\view.class.php(481): TInvWL_Public_Wishlist_View->wishlist_empty(Array, Array)
#4 D:\wamp64\www\MTC_WooCommenrce\wp-content\plugins\ti-woocommerce-wishlist\public\wishlist\view.class.php(634): TInvWL_Public_Wishlist_View->htmloutput(Array)
#5 D:\wamp64\www\MTC_WooCommenrce\wp-content\plugins\ti-woocommerce-wishlist\tinv-wishlists-function.php(610): TInvWL_Public_Wishlist_View->shortcode(Array)
#6 D:\wamp64\www\MTC_WooCommenrce\wp-content\plugins\ti-woocommerce-wishlist\public\wishlist\ajax.class.php(482): tinvwl_shortcode_view(Array)
#7 D:\wamp64\www\MTC_WooCommenrce\wp-content\plugins\ti-woocommerce-wishlist\public\wishlist\ajax.class.php(85): TInvWL_Public_Wishlist_Ajax->wishlist_ajax_actions(Array, Array, Array)
#8 D:\wamp64\www\MTC_WooCommenrce\wp-includes\class-wp-hook.php(310): TInvWL_Public_Wishlist_Ajax->ajax_action('')
#9 D:\wamp64\www\MTC_WooCommenrce\wp-includes\class-wp-hook.php(334): WP_Hook->apply_filters('', Array)
#10 D:\wamp64\www\MTC_WooCommenrce\wp-includes\plugin.php(517): WP_Hook->do_action(Array)
#11 D:\wamp64\www\MTC_WooCommenrce\wp-content\plugins\woocommerce\includes\class-wc-ajax.php(96): do_action('wc_ajax_tinvwl')
#12 D:\wamp64\www\MTC_WooCommenrce\wp-includes\class-wp-hook.php(310): WC_AJAX::do_wc_ajax('')
#13 D:\wamp64\www\MTC_WooCommenrce\wp-includes\class-wp-hook.php(334): WP_Hook->apply_filters(false, Array)
#14 D:\wamp64\www\MTC_WooCommenrce\wp-includes\plugin.php(517): WP_Hook->do_action(Array)
#15 D:\wamp64\www\MTC_WooCommenrce\wp-includes\template-loader.php(13): do_action('template_redire...')
#16 D:\wamp64\www\MTC_WooCommenrce\wp-blog-header.php(19): require_once('D:\\wamp64\\www\\M...')
#17 D:\wamp64\www\MTC_WooCommenrce\index.php(17): require('D:\\wamp64\\www\\M...')
#18 {main}
  thrown in D:\wamp64\www\MTC_WooCommenrce\wp-content\themes\mtc\woocommerce\ti-wishlist-empty.php on line 21

2023-08-23T06:53:36+00:00 CRITICAL Uncaught Error: Call to undefined function pll_current_language() in D:\wamp64\www\MTC_WooCommenrce\wp-content\themes\mtc\woocommerce\ti-wishlist-empty.php:21
Stack trace:
#0 D:\wamp64\www\MTC_WooCommenrce\wp-content\plugins\woocommerce\includes\wc-core-functions.php(345): include()
#1 D:\wamp64\www\MTC_WooCommenrce\wp-content\plugins\ti-woocommerce-wishlist\tinv-wishlists-function.php(218): wc_get_template('ti-wishlist-emp...', Array, '')
#2 D:\wamp64\www\MTC_WooCommenrce\wp-content\plugins\ti-woocommerce-wishlist\public\wishlist\view.class.php(548): tinv_wishlist_template('ti-wishlist-emp...', Array)
#3 D:\wamp64\www\MTC_WooCommenrce\wp-content\plugins\ti-woocommerce-wishlist\public\wishlist\view.class.php(481): TInvWL_Public_Wishlist_View->wishlist_empty(Array, Array)
#4 D:\wamp64\www\MTC_WooCommenrce\wp-content\plugins\ti-woocommerce-wishlist\public\wishlist\view.class.php(634): TInvWL_Public_Wishlist_View->htmloutput(Array)
#5 D:\wamp64\www\MTC_WooCommenrce\wp-content\plugins\ti-woocommerce-wishlist\tinv-wishlists-function.php(610): TInvWL_Public_Wishlist_View->shortcode(Array)
#6 D:\wamp64\www\MTC_WooCommenrce\wp-content\plugins\ti-woocommerce-wishlist\public\wishlist\ajax.class.php(482): tinvwl_shortcode_view(Array)
#7 D:\wamp64\www\MTC_WooCommenrce\wp-content\plugins\ti-woocommerce-wishlist\public\wishlist\ajax.class.php(85): TInvWL_Public_Wishlist_Ajax->wishlist_ajax_actions(Array, Array, Array)
#8 D:\wamp64\www\MTC_WooCommenrce\wp-includes\class-wp-hook.php(310): TInvWL_Public_Wishlist_Ajax->ajax_action('')
#9 D:\wamp64\www\MTC_WooCommenrce\wp-includes\class-wp-hook.php(334): WP_Hook->apply_filters('', Array)
#10 D:\wamp64\www\MTC_WooCommenrce\wp-includes\plugin.php(517): WP_Hook->do_action(Array)
#11 D:\wamp64\www\MTC_WooCommenrce\wp-content\plugins\woocommerce\includes\class-wc-ajax.php(96): do_action('wc_ajax_tinvwl')
#12 D:\wamp64\www\MTC_WooCommenrce\wp-includes\class-wp-hook.php(310): WC_AJAX::do_wc_ajax('')
#13 D:\wamp64\www\MTC_WooCommenrce\wp-includes\class-wp-hook.php(334): WP_Hook->apply_filters(false, Array)
#14 D:\wamp64\www\MTC_WooCommenrce\wp-includes\plugin.php(517): WP_Hook->do_action(Array)
#15 D:\wamp64\www\MTC_WooCommenrce\wp-includes\template-loader.php(13): do_action('template_redire...')
#16 D:\wamp64\www\MTC_WooCommenrce\wp-blog-header.php(19): require_once('D:\\wamp64\\www\\M...')
#17 D:\wamp64\www\MTC_WooCommenrce\index.php(17): require('D:\\wamp64\\www\\M...')
#18 {main}
  thrown in D:\wamp64\www\MTC_WooCommenrce\wp-content\themes\mtc\woocommerce\ti-wishlist-empty.php on line 21

2023-08-23T06:53:43+00:00 CRITICAL Uncaught Error: Call to undefined function pll_current_language() in D:\wamp64\www\MTC_WooCommenrce\wp-content\themes\mtc\woocommerce\ti-wishlist-empty.php:21
Stack trace:
#0 D:\wamp64\www\MTC_WooCommenrce\wp-content\plugins\woocommerce\includes\wc-core-functions.php(345): include()
#1 D:\wamp64\www\MTC_WooCommenrce\wp-content\plugins\ti-woocommerce-wishlist\tinv-wishlists-function.php(218): wc_get_template('ti-wishlist-emp...', Array, '')
#2 D:\wamp64\www\MTC_WooCommenrce\wp-content\plugins\ti-woocommerce-wishlist\public\wishlist\view.class.php(548): tinv_wishlist_template('ti-wishlist-emp...', Array)
#3 D:\wamp64\www\MTC_WooCommenrce\wp-content\plugins\ti-woocommerce-wishlist\public\wishlist\view.class.php(481): TInvWL_Public_Wishlist_View->wishlist_empty(Array, Array)
#4 D:\wamp64\www\MTC_WooCommenrce\wp-content\plugins\ti-woocommerce-wishlist\public\wishlist\view.class.php(634): TInvWL_Public_Wishlist_View->htmloutput(Array)
#5 D:\wamp64\www\MTC_WooCommenrce\wp-content\plugins\ti-woocommerce-wishlist\tinv-wishlists-function.php(610): TInvWL_Public_Wishlist_View->shortcode(Array)
#6 D:\wamp64\www\MTC_WooCommenrce\wp-content\plugins\ti-woocommerce-wishlist\public\wishlist\ajax.class.php(482): tinvwl_shortcode_view(Array)
#7 D:\wamp64\www\MTC_WooCommenrce\wp-content\plugins\ti-woocommerce-wishlist\public\wishlist\ajax.class.php(85): TInvWL_Public_Wishlist_Ajax->wishlist_ajax_actions(Array, Array, Array)
#8 D:\wamp64\www\MTC_WooCommenrce\wp-includes\class-wp-hook.php(310): TInvWL_Public_Wishlist_Ajax->ajax_action('')
#9 D:\wamp64\www\MTC_WooCommenrce\wp-includes\class-wp-hook.php(334): WP_Hook->apply_filters('', Array)
#10 D:\wamp64\www\MTC_WooCommenrce\wp-includes\plugin.php(517): WP_Hook->do_action(Array)
#11 D:\wamp64\www\MTC_WooCommenrce\wp-content\plugins\woocommerce\includes\class-wc-ajax.php(96): do_action('wc_ajax_tinvwl')
#12 D:\wamp64\www\MTC_WooCommenrce\wp-includes\class-wp-hook.php(310): WC_AJAX::do_wc_ajax('')
#13 D:\wamp64\www\MTC_WooCommenrce\wp-includes\class-wp-hook.php(334): WP_Hook->apply_filters(false, Array)
#14 D:\wamp64\www\MTC_WooCommenrce\wp-includes\plugin.php(517): WP_Hook->do_action(Array)
#15 D:\wamp64\www\MTC_WooCommenrce\wp-includes\template-loader.php(13): do_action('template_redire...')
#16 D:\wamp64\www\MTC_WooCommenrce\wp-blog-header.php(19): require_once('D:\\wamp64\\www\\M...')
#17 D:\wamp64\www\MTC_WooCommenrce\index.php(17): require('D:\\wamp64\\www\\M...')
#18 {main}
  thrown in D:\wamp64\www\MTC_WooCommenrce\wp-content\themes\mtc\woocommerce\ti-wishlist-empty.php on line 21

2023-08-23T06:53:45+00:00 CRITICAL Uncaught Error: Call to undefined function pll_current_language() in D:\wamp64\www\MTC_WooCommenrce\wp-content\themes\mtc\woocommerce\ti-wishlist-empty.php:21
Stack trace:
#0 D:\wamp64\www\MTC_WooCommenrce\wp-content\plugins\woocommerce\includes\wc-core-functions.php(345): include()
#1 D:\wamp64\www\MTC_WooCommenrce\wp-content\plugins\ti-woocommerce-wishlist\tinv-wishlists-function.php(218): wc_get_template('ti-wishlist-emp...', Array, '')
#2 D:\wamp64\www\MTC_WooCommenrce\wp-content\plugins\ti-woocommerce-wishlist\public\wishlist\view.class.php(548): tinv_wishlist_template('ti-wishlist-emp...', Array)
#3 D:\wamp64\www\MTC_WooCommenrce\wp-content\plugins\ti-woocommerce-wishlist\public\wishlist\view.class.php(481): TInvWL_Public_Wishlist_View->wishlist_empty(Array, Array)
#4 D:\wamp64\www\MTC_WooCommenrce\wp-content\plugins\ti-woocommerce-wishlist\public\wishlist\view.class.php(634): TInvWL_Public_Wishlist_View->htmloutput(Array)
#5 D:\wamp64\www\MTC_WooCommenrce\wp-content\plugins\ti-woocommerce-wishlist\tinv-wishlists-function.php(610): TInvWL_Public_Wishlist_View->shortcode(Array)
#6 D:\wamp64\www\MTC_WooCommenrce\wp-content\plugins\ti-woocommerce-wishlist\public\wishlist\ajax.class.php(482): tinvwl_shortcode_view(Array)
#7 D:\wamp64\www\MTC_WooCommenrce\wp-content\plugins\ti-woocommerce-wishlist\public\wishlist\ajax.class.php(85): TInvWL_Public_Wishlist_Ajax->wishlist_ajax_actions(Array, Array, Array)
#8 D:\wamp64\www\MTC_WooCommenrce\wp-includes\class-wp-hook.php(310): TInvWL_Public_Wishlist_Ajax->ajax_action('')
#9 D:\wamp64\www\MTC_WooCommenrce\wp-includes\class-wp-hook.php(334): WP_Hook->apply_filters('', Array)
#10 D:\wamp64\www\MTC_WooCommenrce\wp-includes\plugin.php(517): WP_Hook->do_action(Array)
#11 D:\wamp64\www\MTC_WooCommenrce\wp-content\plugins\woocommerce\includes\class-wc-ajax.php(96): do_action('wc_ajax_tinvwl')
#12 D:\wamp64\www\MTC_WooCommenrce\wp-includes\class-wp-hook.php(310): WC_AJAX::do_wc_ajax('')
#13 D:\wamp64\www\MTC_WooCommenrce\wp-includes\class-wp-hook.php(334): WP_Hook->apply_filters(false, Array)
#14 D:\wamp64\www\MTC_WooCommenrce\wp-includes\plugin.php(517): WP_Hook->do_action(Array)
#15 D:\wamp64\www\MTC_WooCommenrce\wp-includes\template-loader.php(13): do_action('template_redire...')
#16 D:\wamp64\www\MTC_WooCommenrce\wp-blog-header.php(19): require_once('D:\\wamp64\\www\\M...')
#17 D:\wamp64\www\MTC_WooCommenrce\index.php(17): require('D:\\wamp64\\www\\M...')
#18 {main}
  thrown in D:\wamp64\www\MTC_WooCommenrce\wp-content\themes\mtc\woocommerce\ti-wishlist-empty.php on line 21

2023-08-23T06:54:06+00:00 CRITICAL Uncaught Error: Call to undefined function pll_current_language() in D:\wamp64\www\MTC_WooCommenrce\wp-content\themes\mtc\woocommerce\ti-wishlist-empty.php:21
Stack trace:
#0 D:\wamp64\www\MTC_WooCommenrce\wp-content\plugins\woocommerce\includes\wc-core-functions.php(345): include()
#1 D:\wamp64\www\MTC_WooCommenrce\wp-content\plugins\ti-woocommerce-wishlist\tinv-wishlists-function.php(218): wc_get_template('ti-wishlist-emp...', Array, '')
#2 D:\wamp64\www\MTC_WooCommenrce\wp-content\plugins\ti-woocommerce-wishlist\public\wishlist\view.class.php(548): tinv_wishlist_template('ti-wishlist-emp...', Array)
#3 D:\wamp64\www\MTC_WooCommenrce\wp-content\plugins\ti-woocommerce-wishlist\public\wishlist\view.class.php(481): TInvWL_Public_Wishlist_View->wishlist_empty(Array, Array)
#4 D:\wamp64\www\MTC_WooCommenrce\wp-content\plugins\ti-woocommerce-wishlist\public\wishlist\view.class.php(634): TInvWL_Public_Wishlist_View->htmloutput(Array)
#5 D:\wamp64\www\MTC_WooCommenrce\wp-content\plugins\ti-woocommerce-wishlist\tinv-wishlists-function.php(610): TInvWL_Public_Wishlist_View->shortcode(Array)
#6 D:\wamp64\www\MTC_WooCommenrce\wp-content\plugins\ti-woocommerce-wishlist\public\wishlist\ajax.class.php(482): tinvwl_shortcode_view(Array)
#7 D:\wamp64\www\MTC_WooCommenrce\wp-content\plugins\ti-woocommerce-wishlist\public\wishlist\ajax.class.php(85): TInvWL_Public_Wishlist_Ajax->wishlist_ajax_actions(Array, Array, Array)
#8 D:\wamp64\www\MTC_WooCommenrce\wp-includes\class-wp-hook.php(310): TInvWL_Public_Wishlist_Ajax->ajax_action('')
#9 D:\wamp64\www\MTC_WooCommenrce\wp-includes\class-wp-hook.php(334): WP_Hook->apply_filters('', Array)
#10 D:\wamp64\www\MTC_WooCommenrce\wp-includes\plugin.php(517): WP_Hook->do_action(Array)
#11 D:\wamp64\www\MTC_WooCommenrce\wp-content\plugins\woocommerce\includes\class-wc-ajax.php(96): do_action('wc_ajax_tinvwl')
#12 D:\wamp64\www\MTC_WooCommenrce\wp-includes\class-wp-hook.php(310): WC_AJAX::do_wc_ajax('')
#13 D:\wamp64\www\MTC_WooCommenrce\wp-includes\class-wp-hook.php(334): WP_Hook->apply_filters(false, Array)
#14 D:\wamp64\www\MTC_WooCommenrce\wp-includes\plugin.php(517): WP_Hook->do_action(Array)
#15 D:\wamp64\www\MTC_WooCommenrce\wp-includes\template-loader.php(13): do_action('template_redire...')
#16 D:\wamp64\www\MTC_WooCommenrce\wp-blog-header.php(19): require_once('D:\\wamp64\\www\\M...')
#17 D:\wamp64\www\MTC_WooCommenrce\index.php(17): require('D:\\wamp64\\www\\M...')
#18 {main}
  thrown in D:\wamp64\www\MTC_WooCommenrce\wp-content\themes\mtc\woocommerce\ti-wishlist-empty.php on line 21

2023-08-23T06:54:09+00:00 CRITICAL Uncaught Error: Call to undefined function pll_current_language() in D:\wamp64\www\MTC_WooCommenrce\wp-content\themes\mtc\woocommerce\ti-wishlist-empty.php:21
Stack trace:
#0 D:\wamp64\www\MTC_WooCommenrce\wp-content\plugins\woocommerce\includes\wc-core-functions.php(345): include()
#1 D:\wamp64\www\MTC_WooCommenrce\wp-content\plugins\ti-woocommerce-wishlist\tinv-wishlists-function.php(218): wc_get_template('ti-wishlist-emp...', Array, '')
#2 D:\wamp64\www\MTC_WooCommenrce\wp-content\plugins\ti-woocommerce-wishlist\public\wishlist\view.class.php(548): tinv_wishlist_template('ti-wishlist-emp...', Array)
#3 D:\wamp64\www\MTC_WooCommenrce\wp-content\plugins\ti-woocommerce-wishlist\public\wishlist\view.class.php(481): TInvWL_Public_Wishlist_View->wishlist_empty(Array, Array)
#4 D:\wamp64\www\MTC_WooCommenrce\wp-content\plugins\ti-woocommerce-wishlist\public\wishlist\view.class.php(634): TInvWL_Public_Wishlist_View->htmloutput(Array)
#5 D:\wamp64\www\MTC_WooCommenrce\wp-content\plugins\ti-woocommerce-wishlist\tinv-wishlists-function.php(610): TInvWL_Public_Wishlist_View->shortcode(Array)
#6 D:\wamp64\www\MTC_WooCommenrce\wp-content\plugins\ti-woocommerce-wishlist\public\wishlist\ajax.class.php(482): tinvwl_shortcode_view(Array)
#7 D:\wamp64\www\MTC_WooCommenrce\wp-content\plugins\ti-woocommerce-wishlist\public\wishlist\ajax.class.php(85): TInvWL_Public_Wishlist_Ajax->wishlist_ajax_actions(Array, Array, Array)
#8 D:\wamp64\www\MTC_WooCommenrce\wp-includes\class-wp-hook.php(310): TInvWL_Public_Wishlist_Ajax->ajax_action('')
#9 D:\wamp64\www\MTC_WooCommenrce\wp-includes\class-wp-hook.php(334): WP_Hook->apply_filters('', Array)
#10 D:\wamp64\www\MTC_WooCommenrce\wp-includes\plugin.php(517): WP_Hook->do_action(Array)
#11 D:\wamp64\www\MTC_WooCommenrce\wp-content\plugins\woocommerce\includes\class-wc-ajax.php(96): do_action('wc_ajax_tinvwl')
#12 D:\wamp64\www\MTC_WooCommenrce\wp-includes\class-wp-hook.php(310): WC_AJAX::do_wc_ajax('')
#13 D:\wamp64\www\MTC_WooCommenrce\wp-includes\class-wp-hook.php(334): WP_Hook->apply_filters(false, Array)
#14 D:\wamp64\www\MTC_WooCommenrce\wp-includes\plugin.php(517): WP_Hook->do_action(Array)
#15 D:\wamp64\www\MTC_WooCommenrce\wp-includes\template-loader.php(13): do_action('template_redire...')
#16 D:\wamp64\www\MTC_WooCommenrce\wp-blog-header.php(19): require_once('D:\\wamp64\\www\\M...')
#17 D:\wamp64\www\MTC_WooCommenrce\index.php(17): require('D:\\wamp64\\www\\M...')
#18 {main}
  thrown in D:\wamp64\www\MTC_WooCommenrce\wp-content\themes\mtc\woocommerce\ti-wishlist-empty.php on line 21

2023-08-23T11:08:43+00:00 CRITICAL Uncaught Error: Call to undefined function pll_current_language() in D:\wamp64\www\MTC_WooCommenrce\wp-content\themes\mtc\woocommerce\ti-wishlist-empty.php:21
Stack trace:
#0 D:\wamp64\www\MTC_WooCommenrce\wp-content\plugins\woocommerce\includes\wc-core-functions.php(345): include()
#1 D:\wamp64\www\MTC_WooCommenrce\wp-content\plugins\ti-woocommerce-wishlist\tinv-wishlists-function.php(218): wc_get_template('ti-wishlist-emp...', Array, '')
#2 D:\wamp64\www\MTC_WooCommenrce\wp-content\plugins\ti-woocommerce-wishlist\public\wishlist\view.class.php(548): tinv_wishlist_template('ti-wishlist-emp...', Array)
#3 D:\wamp64\www\MTC_WooCommenrce\wp-content\plugins\ti-woocommerce-wishlist\public\wishlist\view.class.php(481): TInvWL_Public_Wishlist_View->wishlist_empty(Array, Array)
#4 D:\wamp64\www\MTC_WooCommenrce\wp-content\plugins\ti-woocommerce-wishlist\public\wishlist\view.class.php(634): TInvWL_Public_Wishlist_View->htmloutput(Array)
#5 D:\wamp64\www\MTC_WooCommenrce\wp-content\plugins\ti-woocommerce-wishlist\tinv-wishlists-function.php(610): TInvWL_Public_Wishlist_View->shortcode(Array)
#6 D:\wamp64\www\MTC_WooCommenrce\wp-content\plugins\ti-woocommerce-wishlist\public\wishlist\ajax.class.php(482): tinvwl_shortcode_view(Array)
#7 D:\wamp64\www\MTC_WooCommenrce\wp-content\plugins\ti-woocommerce-wishlist\public\wishlist\ajax.class.php(85): TInvWL_Public_Wishlist_Ajax->wishlist_ajax_actions(Array, Array, Array)
#8 D:\wamp64\www\MTC_WooCommenrce\wp-includes\class-wp-hook.php(310): TInvWL_Public_Wishlist_Ajax->ajax_action('')
#9 D:\wamp64\www\MTC_WooCommenrce\wp-includes\class-wp-hook.php(334): WP_Hook->apply_filters('', Array)
#10 D:\wamp64\www\MTC_WooCommenrce\wp-includes\plugin.php(517): WP_Hook->do_action(Array)
#11 D:\wamp64\www\MTC_WooCommenrce\wp-content\plugins\woocommerce\includes\class-wc-ajax.php(96): do_action('wc_ajax_tinvwl')
#12 D:\wamp64\www\MTC_WooCommenrce\wp-includes\class-wp-hook.php(310): WC_AJAX::do_wc_ajax('')
#13 D:\wamp64\www\MTC_WooCommenrce\wp-includes\class-wp-hook.php(334): WP_Hook->apply_filters(false, Array)
#14 D:\wamp64\www\MTC_WooCommenrce\wp-includes\plugin.php(517): WP_Hook->do_action(Array)
#15 D:\wamp64\www\MTC_WooCommenrce\wp-includes\template-loader.php(13): do_action('template_redire...')
#16 D:\wamp64\www\MTC_WooCommenrce\wp-blog-header.php(19): require_once('D:\\wamp64\\www\\M...')
#17 D:\wamp64\www\MTC_WooCommenrce\index.php(17): require('D:\\wamp64\\www\\M...')
#18 {main}
  thrown in D:\wamp64\www\MTC_WooCommenrce\wp-content\themes\mtc\woocommerce\ti-wishlist-empty.php on line 21

2023-08-23T12:14:07+00:00 CRITICAL Cannot redeclare is_user_logged_in() (previously declared in D:\wamp64\www\MTC_WooCommenrce\wp-includes\pluggable.php:1163) in D:\wamp64\www\MTC_WooCommenrce\wp-content\themes\mtc\header.php on line 20

2023-08-23T13:08:26+00:00 CRITICAL Uncaught Error: Call to undefined method WP_Error::has_cap() in D:\wamp64\www\MTC_WooCommenrce\wp-includes\capabilities.php:985
Stack trace:
#0 D:\wamp64\www\MTC_WooCommenrce\wp-content\plugins\woocommerce\includes\wc-user-functions.php(917): user_can(Object(WP_Error), 'manage_woocomme...')
#1 D:\wamp64\www\MTC_WooCommenrce\wp-includes\class-wp-hook.php(310): wc_maybe_store_user_agent(NULL, Object(WP_Error))
#2 D:\wamp64\www\MTC_WooCommenrce\wp-includes\class-wp-hook.php(334): WP_Hook->apply_filters('', Array)
#3 D:\wamp64\www\MTC_WooCommenrce\wp-includes\plugin.php(517): WP_Hook->do_action(Array)
#4 D:\wamp64\www\MTC_WooCommenrce\wp-content\themes\mtc\header.php(896): do_action('wp_login', NULL, Object(WP_Error))
#5 D:\wamp64\www\MTC_WooCommenrce\wp-includes\template.php(785): require_once('D:\\wamp64\\www\\M...')
#6 D:\wamp64\www\MTC_WooCommenrce\wp-includes\template.php(720): load_template('D:\\wamp64\\www\\M...', true, Array)
#7 D:\wamp64\www\MTC_WooCommenrce\wp-includes\general-template.php(48): locate_template(Array, true, true, Array)
#8 D:\wamp64\www\MTC_WooCommenrce\wp-content\themes\mtc\front-page.php(2): get_header()
#9 D:\wamp64\www\MTC_WooCommenrce\wp-includes\template-loader.php(106): include('D:\\wamp64\\www\\M...')
#10 D:\wamp64\www\MTC_WooCommenrce\wp-blog-header.php(19): require_once('D:\\wamp64\\www\\M...')
#11 D:\wamp64\www\MTC_WooCommenrce\index.php(17): require('D:\\wamp64\\www\\M...')
#12 {main}
  thrown in D:\wamp64\www\MTC_WooCommenrce\wp-includes\capabilities.php on line 985

