2023-08-22T07:03:02+00:00 CRITICAL Uncaught Error: Call to undefined function pll_current_language() in D:\wamp64\www\MTC_WooCommenrce\wp-content\themes\mtc\woocommerce\ti-wishlist-empty.php:21
Stack trace:
#0 D:\wamp64\www\MTC_WooCommenrce\wp-content\plugins\woocommerce\includes\wc-core-functions.php(345): include()
#1 D:\wamp64\www\MTC_WooCommenrce\wp-content\plugins\ti-woocommerce-wishlist\tinv-wishlists-function.php(218): wc_get_template('ti-wishlist-emp...', Array, '')
#2 D:\wamp64\www\MTC_WooCommenrce\wp-content\plugins\ti-woocommerce-wishlist\public\wishlist\view.class.php(548): tinv_wishlist_template('ti-wishlist-emp...', Array)
#3 D:\wamp64\www\MTC_WooCommenrce\wp-content\plugins\ti-woocommerce-wishlist\public\wishlist\view.class.php(481): TInvWL_Public_Wishlist_View->wishlist_empty(Array, Array)
#4 D:\wamp64\www\MTC_WooCommenrce\wp-content\plugins\ti-woocommerce-wishlist\public\wishlist\view.class.php(634): TInvWL_Public_Wishlist_View->htmloutput(Array)
#5 D:\wamp64\www\MTC_WooCommenrce\wp-content\plugins\ti-woocommerce-wishlist\tinv-wishlists-function.php(610): TInvWL_Public_Wishlist_View->shortcode(Array)
#6 D:\wamp64\www\MTC_WooCommenrce\wp-content\plugins\ti-woocommerce-wishlist\public\wishlist\ajax.class.php(482): tinvwl_shortcode_view(Array)
#7 D:\wamp64\www\MTC_WooCommenrce\wp-content\plugins\ti-woocommerce-wishlist\public\wishlist\ajax.class.php(85): TInvWL_Public_Wishlist_Ajax->wishlist_ajax_actions(Array, Array, Array)
#8 D:\wamp64\www\MTC_WooCommenrce\wp-includes\class-wp-hook.php(310): TInvWL_Public_Wishlist_Ajax->ajax_action('')
#9 D:\wamp64\www\MTC_WooCommenrce\wp-includes\class-wp-hook.php(334): WP_Hook->apply_filters('', Array)
#10 D:\wamp64\www\MTC_WooCommenrce\wp-includes\plugin.php(517): WP_Hook->do_action(Array)
#11 D:\wamp64\www\MTC_WooCommenrce\wp-content\plugins\woocommerce\includes\class-wc-ajax.php(96): do_action('wc_ajax_tinvwl')
#12 D:\wamp64\www\MTC_WooCommenrce\wp-includes\class-wp-hook.php(310): WC_AJAX::do_wc_ajax('')
#13 D:\wamp64\www\MTC_WooCommenrce\wp-includes\class-wp-hook.php(334): WP_Hook->apply_filters(false, Array)
#14 D:\wamp64\www\MTC_WooCommenrce\wp-includes\plugin.php(517): WP_Hook->do_action(Array)
#15 D:\wamp64\www\MTC_WooCommenrce\wp-includes\template-loader.php(13): do_action('template_redire...')
#16 D:\wamp64\www\MTC_WooCommenrce\wp-blog-header.php(19): require_once('D:\\wamp64\\www\\M...')
#17 D:\wamp64\www\MTC_WooCommenrce\index.php(17): require('D:\\wamp64\\www\\M...')
#18 {main}
  thrown in D:\wamp64\www\MTC_WooCommenrce\wp-content\themes\mtc\woocommerce\ti-wishlist-empty.php on line 21

2023-08-22T07:03:03+00:00 CRITICAL Uncaught Error: Call to undefined function pll_current_language() in D:\wamp64\www\MTC_WooCommenrce\wp-content\themes\mtc\woocommerce\ti-wishlist-empty.php:21
Stack trace:
#0 D:\wamp64\www\MTC_WooCommenrce\wp-content\plugins\woocommerce\includes\wc-core-functions.php(345): include()
#1 D:\wamp64\www\MTC_WooCommenrce\wp-content\plugins\ti-woocommerce-wishlist\tinv-wishlists-function.php(218): wc_get_template('ti-wishlist-emp...', Array, '')
#2 D:\wamp64\www\MTC_WooCommenrce\wp-content\plugins\ti-woocommerce-wishlist\public\wishlist\view.class.php(548): tinv_wishlist_template('ti-wishlist-emp...', Array)
#3 D:\wamp64\www\MTC_WooCommenrce\wp-content\plugins\ti-woocommerce-wishlist\public\wishlist\view.class.php(481): TInvWL_Public_Wishlist_View->wishlist_empty(Array, Array)
#4 D:\wamp64\www\MTC_WooCommenrce\wp-content\plugins\ti-woocommerce-wishlist\public\wishlist\view.class.php(634): TInvWL_Public_Wishlist_View->htmloutput(Array)
#5 D:\wamp64\www\MTC_WooCommenrce\wp-content\plugins\ti-woocommerce-wishlist\tinv-wishlists-function.php(610): TInvWL_Public_Wishlist_View->shortcode(Array)
#6 D:\wamp64\www\MTC_WooCommenrce\wp-content\plugins\ti-woocommerce-wishlist\public\wishlist\ajax.class.php(482): tinvwl_shortcode_view(Array)
#7 D:\wamp64\www\MTC_WooCommenrce\wp-content\plugins\ti-woocommerce-wishlist\public\wishlist\ajax.class.php(85): TInvWL_Public_Wishlist_Ajax->wishlist_ajax_actions(Array, Array, Array)
#8 D:\wamp64\www\MTC_WooCommenrce\wp-includes\class-wp-hook.php(310): TInvWL_Public_Wishlist_Ajax->ajax_action('')
#9 D:\wamp64\www\MTC_WooCommenrce\wp-includes\class-wp-hook.php(334): WP_Hook->apply_filters('', Array)
#10 D:\wamp64\www\MTC_WooCommenrce\wp-includes\plugin.php(517): WP_Hook->do_action(Array)
#11 D:\wamp64\www\MTC_WooCommenrce\wp-content\plugins\woocommerce\includes\class-wc-ajax.php(96): do_action('wc_ajax_tinvwl')
#12 D:\wamp64\www\MTC_WooCommenrce\wp-includes\class-wp-hook.php(310): WC_AJAX::do_wc_ajax('')
#13 D:\wamp64\www\MTC_WooCommenrce\wp-includes\class-wp-hook.php(334): WP_Hook->apply_filters(false, Array)
#14 D:\wamp64\www\MTC_WooCommenrce\wp-includes\plugin.php(517): WP_Hook->do_action(Array)
#15 D:\wamp64\www\MTC_WooCommenrce\wp-includes\template-loader.php(13): do_action('template_redire...')
#16 D:\wamp64\www\MTC_WooCommenrce\wp-blog-header.php(19): require_once('D:\\wamp64\\www\\M...')
#17 D:\wamp64\www\MTC_WooCommenrce\index.php(17): require('D:\\wamp64\\www\\M...')
#18 {main}
  thrown in D:\wamp64\www\MTC_WooCommenrce\wp-content\themes\mtc\woocommerce\ti-wishlist-empty.php on line 21

2023-08-22T09:10:05+00:00 CRITICAL Uncaught Error: Call to undefined function pll_current_language() in D:\wamp64\www\MTC_WooCommenrce\wp-content\themes\mtc\woocommerce\ti-wishlist-empty.php:21
Stack trace:
#0 D:\wamp64\www\MTC_WooCommenrce\wp-content\plugins\woocommerce\includes\wc-core-functions.php(345): include()
#1 D:\wamp64\www\MTC_WooCommenrce\wp-content\plugins\ti-woocommerce-wishlist\tinv-wishlists-function.php(218): wc_get_template('ti-wishlist-emp...', Array, '')
#2 D:\wamp64\www\MTC_WooCommenrce\wp-content\plugins\ti-woocommerce-wishlist\public\wishlist\view.class.php(548): tinv_wishlist_template('ti-wishlist-emp...', Array)
#3 D:\wamp64\www\MTC_WooCommenrce\wp-content\plugins\ti-woocommerce-wishlist\public\wishlist\view.class.php(481): TInvWL_Public_Wishlist_View->wishlist_empty(Array, Array)
#4 D:\wamp64\www\MTC_WooCommenrce\wp-content\plugins\ti-woocommerce-wishlist\public\wishlist\view.class.php(634): TInvWL_Public_Wishlist_View->htmloutput(Array)
#5 D:\wamp64\www\MTC_WooCommenrce\wp-content\plugins\ti-woocommerce-wishlist\tinv-wishlists-function.php(610): TInvWL_Public_Wishlist_View->shortcode(Array)
#6 D:\wamp64\www\MTC_WooCommenrce\wp-content\plugins\ti-woocommerce-wishlist\public\wishlist\ajax.class.php(482): tinvwl_shortcode_view(Array)
#7 D:\wamp64\www\MTC_WooCommenrce\wp-content\plugins\ti-woocommerce-wishlist\public\wishlist\ajax.class.php(85): TInvWL_Public_Wishlist_Ajax->wishlist_ajax_actions(Array, Array, Array)
#8 D:\wamp64\www\MTC_WooCommenrce\wp-includes\class-wp-hook.php(310): TInvWL_Public_Wishlist_Ajax->ajax_action('')
#9 D:\wamp64\www\MTC_WooCommenrce\wp-includes\class-wp-hook.php(334): WP_Hook->apply_filters('', Array)
#10 D:\wamp64\www\MTC_WooCommenrce\wp-includes\plugin.php(517): WP_Hook->do_action(Array)
#11 D:\wamp64\www\MTC_WooCommenrce\wp-content\plugins\woocommerce\includes\class-wc-ajax.php(96): do_action('wc_ajax_tinvwl')
#12 D:\wamp64\www\MTC_WooCommenrce\wp-includes\class-wp-hook.php(310): WC_AJAX::do_wc_ajax('')
#13 D:\wamp64\www\MTC_WooCommenrce\wp-includes\class-wp-hook.php(334): WP_Hook->apply_filters(false, Array)
#14 D:\wamp64\www\MTC_WooCommenrce\wp-includes\plugin.php(517): WP_Hook->do_action(Array)
#15 D:\wamp64\www\MTC_WooCommenrce\wp-includes\template-loader.php(13): do_action('template_redire...')
#16 D:\wamp64\www\MTC_WooCommenrce\wp-blog-header.php(19): require_once('D:\\wamp64\\www\\M...')
#17 D:\wamp64\www\MTC_WooCommenrce\index.php(17): require('D:\\wamp64\\www\\M...')
#18 {main}
  thrown in D:\wamp64\www\MTC_WooCommenrce\wp-content\themes\mtc\woocommerce\ti-wishlist-empty.php on line 21

2023-08-22T09:13:29+00:00 CRITICAL Uncaught Error: Call to undefined function pll_current_language() in D:\wamp64\www\MTC_WooCommenrce\wp-content\themes\mtc\woocommerce\ti-wishlist-empty.php:21
Stack trace:
#0 D:\wamp64\www\MTC_WooCommenrce\wp-content\plugins\woocommerce\includes\wc-core-functions.php(345): include()
#1 D:\wamp64\www\MTC_WooCommenrce\wp-content\plugins\ti-woocommerce-wishlist\tinv-wishlists-function.php(218): wc_get_template('ti-wishlist-emp...', Array, '')
#2 D:\wamp64\www\MTC_WooCommenrce\wp-content\plugins\ti-woocommerce-wishlist\public\wishlist\view.class.php(548): tinv_wishlist_template('ti-wishlist-emp...', Array)
#3 D:\wamp64\www\MTC_WooCommenrce\wp-content\plugins\ti-woocommerce-wishlist\public\wishlist\view.class.php(481): TInvWL_Public_Wishlist_View->wishlist_empty(Array, Array)
#4 D:\wamp64\www\MTC_WooCommenrce\wp-content\plugins\ti-woocommerce-wishlist\public\wishlist\view.class.php(634): TInvWL_Public_Wishlist_View->htmloutput(Array)
#5 D:\wamp64\www\MTC_WooCommenrce\wp-content\plugins\ti-woocommerce-wishlist\tinv-wishlists-function.php(610): TInvWL_Public_Wishlist_View->shortcode(Array)
#6 D:\wamp64\www\MTC_WooCommenrce\wp-content\plugins\ti-woocommerce-wishlist\public\wishlist\ajax.class.php(482): tinvwl_shortcode_view(Array)
#7 D:\wamp64\www\MTC_WooCommenrce\wp-content\plugins\ti-woocommerce-wishlist\public\wishlist\ajax.class.php(85): TInvWL_Public_Wishlist_Ajax->wishlist_ajax_actions(Array, Array, Array)
#8 D:\wamp64\www\MTC_WooCommenrce\wp-includes\class-wp-hook.php(310): TInvWL_Public_Wishlist_Ajax->ajax_action('')
#9 D:\wamp64\www\MTC_WooCommenrce\wp-includes\class-wp-hook.php(334): WP_Hook->apply_filters('', Array)
#10 D:\wamp64\www\MTC_WooCommenrce\wp-includes\plugin.php(517): WP_Hook->do_action(Array)
#11 D:\wamp64\www\MTC_WooCommenrce\wp-content\plugins\woocommerce\includes\class-wc-ajax.php(96): do_action('wc_ajax_tinvwl')
#12 D:\wamp64\www\MTC_WooCommenrce\wp-includes\class-wp-hook.php(310): WC_AJAX::do_wc_ajax('')
#13 D:\wamp64\www\MTC_WooCommenrce\wp-includes\class-wp-hook.php(334): WP_Hook->apply_filters(false, Array)
#14 D:\wamp64\www\MTC_WooCommenrce\wp-includes\plugin.php(517): WP_Hook->do_action(Array)
#15 D:\wamp64\www\MTC_WooCommenrce\wp-includes\template-loader.php(13): do_action('template_redire...')
#16 D:\wamp64\www\MTC_WooCommenrce\wp-blog-header.php(19): require_once('D:\\wamp64\\www\\M...')
#17 D:\wamp64\www\MTC_WooCommenrce\index.php(17): require('D:\\wamp64\\www\\M...')
#18 {main}
  thrown in D:\wamp64\www\MTC_WooCommenrce\wp-content\themes\mtc\woocommerce\ti-wishlist-empty.php on line 21

