2023-08-16T07:07:11+00:00 CRITICAL Uncaught Error: Call to undefined function wp_get_cart_url() in D:\wamp64\www\MTC_WooCommenrce\wp-content\themes\mtc\header.php:118
Stack trace:
#0 D:\wamp64\www\MTC_WooCommenrce\wp-includes\template.php(785): require_once()
#1 D:\wamp64\www\MTC_WooCommenrce\wp-includes\template.php(720): load_template('D:\\wamp64\\www\\M...', true, Array)
#2 D:\wamp64\www\MTC_WooCommenrce\wp-includes\general-template.php(48): locate_template(Array, true, true, Array)
#3 D:\wamp64\www\MTC_WooCommenrce\wp-content\themes\mtc\woocommerce.php(1): get_header()
#4 D:\wamp64\www\MTC_WooCommenrce\wp-includes\template-loader.php(106): include('D:\\wamp64\\www\\M...')
#5 D:\wamp64\www\MTC_WooCommenrce\wp-blog-header.php(19): require_once('D:\\wamp64\\www\\M...')
#6 D:\wamp64\www\MTC_WooCommenrce\index.php(17): require('D:\\wamp64\\www\\M...')
#7 {main}
  thrown in D:\wamp64\www\MTC_WooCommenrce\wp-content\themes\mtc\header.php on line 118

2023-08-16T07:08:43+00:00 CRITICAL Uncaught Error: Call to undefined function get_cart_url() in D:\wamp64\www\MTC_WooCommenrce\wp-content\themes\mtc\header.php:118
Stack trace:
#0 D:\wamp64\www\MTC_WooCommenrce\wp-includes\template.php(785): require_once()
#1 D:\wamp64\www\MTC_WooCommenrce\wp-includes\template.php(720): load_template('D:\\wamp64\\www\\M...', true, Array)
#2 D:\wamp64\www\MTC_WooCommenrce\wp-includes\general-template.php(48): locate_template(Array, true, true, Array)
#3 D:\wamp64\www\MTC_WooCommenrce\wp-content\themes\mtc\woocommerce.php(1): get_header()
#4 D:\wamp64\www\MTC_WooCommenrce\wp-includes\template-loader.php(106): include('D:\\wamp64\\www\\M...')
#5 D:\wamp64\www\MTC_WooCommenrce\wp-blog-header.php(19): require_once('D:\\wamp64\\www\\M...')
#6 D:\wamp64\www\MTC_WooCommenrce\index.php(17): require('D:\\wamp64\\www\\M...')
#7 {main}
  thrown in D:\wamp64\www\MTC_WooCommenrce\wp-content\themes\mtc\header.php on line 118

2023-08-16T07:13:27+00:00 CRITICAL Uncaught Error: Call to undefined function wp_get_cart_url() in D:\wamp64\www\MTC_WooCommenrce\wp-content\themes\mtc\header.php:118
Stack trace:
#0 D:\wamp64\www\MTC_WooCommenrce\wp-includes\template.php(785): require_once()
#1 D:\wamp64\www\MTC_WooCommenrce\wp-includes\template.php(720): load_template('D:\\wamp64\\www\\M...', true, Array)
#2 D:\wamp64\www\MTC_WooCommenrce\wp-includes\general-template.php(48): locate_template(Array, true, true, Array)
#3 D:\wamp64\www\MTC_WooCommenrce\wp-content\themes\mtc\woocommerce.php(1): get_header()
#4 D:\wamp64\www\MTC_WooCommenrce\wp-includes\template-loader.php(106): include('D:\\wamp64\\www\\M...')
#5 D:\wamp64\www\MTC_WooCommenrce\wp-blog-header.php(19): require_once('D:\\wamp64\\www\\M...')
#6 D:\wamp64\www\MTC_WooCommenrce\index.php(17): require('D:\\wamp64\\www\\M...')
#7 {main}
  thrown in D:\wamp64\www\MTC_WooCommenrce\wp-content\themes\mtc\header.php on line 118

